<?xml version="1.0" encoding="UTF-8"?>
<testsuite xmlns:xsi="http://www.w3.org/2001/XMLSchema-instance" xsi:schemaLocation="https://maven.apache.org/surefire/maven-surefire-plugin/xsd/surefire-test-report.xsd" name="TestSuite" time="16.777" tests="3" errors="0" skipped="0" failures="0">
  <properties>
[...]
</properties>
  <testcase name="LoginAsBankManager" classname="com.Sakiv.TestCases.BankManagerLoginTest" time="2.127"/>
  <testcase name="addCustomer" classname="com.Sakiv.TestCases.AddCustomerTest" time="1.041"/>
  <testcase name="openAccount" classname="com.Sakiv.TestCases.OpenAccountTest" time="0.983"/>
</testsuite>